2026-03-05 13:20:23,844 -  nornir.core -     INFO -        run() - Running task 'send_command' with args {} on 2 hosts
2026-03-05 13:22:31,384 -  nornir.core -     INFO -        run() - Running task 'send_command' with args {} on 2 hosts
2026-03-05 13:29:31,739 -  nornir.core -     INFO -        run() - Running task 'send_command' with args {'num_workers': 1} on 2 hosts
2026-03-05 13:29:31,742 - nornir.core.task -    ERROR -      start() - Host 'vEOS1': task 'send_command' failed with traceback:
Traceback (most recent call last):
  File "/Library/Frameworks/Python.framework/Versions/3.10/lib/python3.10/site-packages/nornir/core/task.py", line 98, in start
    r = self.task(self, **self.params)
TypeError: send_command() got an unexpected keyword argument 'num_workers'

2026-03-05 13:29:31,742 - nornir.core.task -    ERROR -      start() - Host 'R1': task 'send_command' failed with traceback:
Traceback (most recent call last):
  File "/Library/Frameworks/Python.framework/Versions/3.10/lib/python3.10/site-packages/nornir/core/task.py", line 98, in start
    r = self.task(self, **self.params)
TypeError: send_command() got an unexpected keyword argument 'num_workers'

2026-03-05 13:31:26,249 -  nornir.core -     INFO -        run() - Running task 'send_command' with args {'num_workers': 1} on 2 hosts
2026-03-05 13:31:26,251 - nornir.core.task -    ERROR -      start() - Host 'vEOS1': task 'send_command' failed with traceback:
Traceback (most recent call last):
  File "/Library/Frameworks/Python.framework/Versions/3.10/lib/python3.10/site-packages/nornir/core/task.py", line 98, in start
    r = self.task(self, **self.params)
TypeError: send_command() got an unexpected keyword argument 'num_workers'

2026-03-05 13:31:26,251 - nornir.core.task -    ERROR -      start() - Host 'R1': task 'send_command' failed with traceback:
Traceback (most recent call last):
  File "/Library/Frameworks/Python.framework/Versions/3.10/lib/python3.10/site-packages/nornir/core/task.py", line 98, in start
    r = self.task(self, **self.params)
TypeError: send_command() got an unexpected keyword argument 'num_workers'

2026-03-05 13:32:28,748 -  nornir.core -     INFO -        run() - Running task 'send_command' with args {} on 2 hosts
2026-03-05 13:48:15,482 -  nornir.core -     INFO -        run() - Running task 'send_command' with args {} on 2 hosts
2026-03-06 10:38:33,644 -  nornir.core -     INFO -        run() - Running task 'send_command' with args {} on 2 hosts
2026-03-06 10:38:55,406 - nornir.core.task -    ERROR -      start() - Host 'vEOS1': task 'netmiko_send_command' failed with traceback:
Traceback (most recent call last):
  File "/Library/Frameworks/Python.framework/Versions/3.10/lib/python3.10/site-packages/netmiko/base_connection.py", line 1146, in establish_connection
    self.remote_conn_pre.connect(**ssh_connect_params)
  File "/Library/Frameworks/Python.framework/Versions/3.10/lib/python3.10/site-packages/paramiko/client.py", line 384, in connect
    sock.connect(addr)
TimeoutError: timed out

During handling of the above exception, another exception occurred:

Traceback (most recent call last):
  File "/Library/Frameworks/Python.framework/Versions/3.10/lib/python3.10/site-packages/nornir/core/task.py", line 98, in start
    r = self.task(self, **self.params)
  File "/Library/Frameworks/Python.framework/Versions/3.10/lib/python3.10/site-packages/nornir_netmiko/tasks/netmiko_send_command.py", line 26, in netmiko_send_command
    net_connect = task.host.get_connection(CONNECTION_NAME, task.nornir.config)
  File "/Library/Frameworks/Python.framework/Versions/3.10/lib/python3.10/site-packages/nornir/core/inventory.py", line 476, in get_connection
    self.open_connection(
  File "/Library/Frameworks/Python.framework/Versions/3.10/lib/python3.10/site-packages/nornir/core/inventory.py", line 528, in open_connection
    conn_obj.open(
  File "/Library/Frameworks/Python.framework/Versions/3.10/lib/python3.10/site-packages/nornir_netmiko/connections/netmiko.py", line 59, in open
    connection = ConnectHandler(**parameters)
  File "/Library/Frameworks/Python.framework/Versions/3.10/lib/python3.10/site-packages/netmiko/ssh_dispatcher.py", line 460, in ConnectHandler
    return ConnectionClass(*args, **kwargs)
  File "/Library/Frameworks/Python.framework/Versions/3.10/lib/python3.10/site-packages/netmiko/base_connection.py", line 495, in __init__
    self._open()
  File "/Library/Frameworks/Python.framework/Versions/3.10/lib/python3.10/site-packages/netmiko/base_connection.py", line 500, in _open
    self.establish_connection()
  File "/Library/Frameworks/Python.framework/Versions/3.10/lib/python3.10/site-packages/netmiko/base_connection.py", line 1168, in establish_connection
    raise NetmikoTimeoutException(msg)
netmiko.exceptions.NetmikoTimeoutException: TCP connection to device failed.

Common causes of this problem are:
1. Incorrect hostname or IP address.
2. Wrong TCP port.
3. Intermediate firewall blocking access.

Device settings: arista_eos 172.16.166.132:22



2026-03-06 10:38:55,408 - nornir.core.task -    ERROR -      start() - Host 'vEOS1': task 'netmiko_send_command' failed with traceback:
Traceback (most recent call last):
  File "/Library/Frameworks/Python.framework/Versions/3.10/lib/python3.10/site-packages/netmiko/base_connection.py", line 1146, in establish_connection
    self.remote_conn_pre.connect(**ssh_connect_params)
  File "/Library/Frameworks/Python.framework/Versions/3.10/lib/python3.10/site-packages/paramiko/client.py", line 384, in connect
    sock.connect(addr)
OSError: [Errno 64] Host is down

During handling of the above exception, another exception occurred:

Traceback (most recent call last):
  File "/Library/Frameworks/Python.framework/Versions/3.10/lib/python3.10/site-packages/nornir/core/task.py", line 98, in start
    r = self.task(self, **self.params)
  File "/Library/Frameworks/Python.framework/Versions/3.10/lib/python3.10/site-packages/nornir_netmiko/tasks/netmiko_send_command.py", line 26, in netmiko_send_command
    net_connect = task.host.get_connection(CONNECTION_NAME, task.nornir.config)
  File "/Library/Frameworks/Python.framework/Versions/3.10/lib/python3.10/site-packages/nornir/core/inventory.py", line 476, in get_connection
    self.open_connection(
  File "/Library/Frameworks/Python.framework/Versions/3.10/lib/python3.10/site-packages/nornir/core/inventory.py", line 528, in open_connection
    conn_obj.open(
  File "/Library/Frameworks/Python.framework/Versions/3.10/lib/python3.10/site-packages/nornir_netmiko/connections/netmiko.py", line 59, in open
    connection = ConnectHandler(**parameters)
  File "/Library/Frameworks/Python.framework/Versions/3.10/lib/python3.10/site-packages/netmiko/ssh_dispatcher.py", line 460, in ConnectHandler
    return ConnectionClass(*args, **kwargs)
  File "/Library/Frameworks/Python.framework/Versions/3.10/lib/python3.10/site-packages/netmiko/base_connection.py", line 495, in __init__
    self._open()
  File "/Library/Frameworks/Python.framework/Versions/3.10/lib/python3.10/site-packages/netmiko/base_connection.py", line 500, in _open
    self.establish_connection()
  File "/Library/Frameworks/Python.framework/Versions/3.10/lib/python3.10/site-packages/netmiko/base_connection.py", line 1168, in establish_connection
    raise NetmikoTimeoutException(msg)
netmiko.exceptions.NetmikoTimeoutException: TCP connection to device failed.

Common causes of this problem are:
1. Incorrect hostname or IP address.
2. Wrong TCP port.
3. Intermediate firewall blocking access.

Device settings: arista_eos 172.16.166.132:22



2026-03-06 11:05:15,856 -  nornir.core -     INFO -        run() - Running task 'send_command' with args {} on 2 hosts
2026-03-06 11:14:21,848 -  nornir.core -     INFO -        run() - Running task 'send_command' with args {} on 2 hosts
2026-03-06 11:17:52,450 -  nornir.core -     INFO -        run() - Running task 'send_command' with args {} on 2 hosts
2026-03-06 11:18:09,676 - nornir.core.task -    ERROR -      start() - Host 'vEOS1': task 'netmiko_send_command' failed with traceback:
Traceback (most recent call last):
  File "/Library/Frameworks/Python.framework/Versions/3.10/lib/python3.10/site-packages/netmiko/base_connection.py", line 1146, in establish_connection
    self.remote_conn_pre.connect(**ssh_connect_params)
  File "/Library/Frameworks/Python.framework/Versions/3.10/lib/python3.10/site-packages/paramiko/client.py", line 384, in connect
    sock.connect(addr)
TimeoutError: timed out

During handling of the above exception, another exception occurred:

Traceback (most recent call last):
  File "/Library/Frameworks/Python.framework/Versions/3.10/lib/python3.10/site-packages/nornir/core/task.py", line 98, in start
    r = self.task(self, **self.params)
  File "/Library/Frameworks/Python.framework/Versions/3.10/lib/python3.10/site-packages/nornir_netmiko/tasks/netmiko_send_command.py", line 26, in netmiko_send_command
    net_connect = task.host.get_connection(CONNECTION_NAME, task.nornir.config)
  File "/Library/Frameworks/Python.framework/Versions/3.10/lib/python3.10/site-packages/nornir/core/inventory.py", line 476, in get_connection
    self.open_connection(
  File "/Library/Frameworks/Python.framework/Versions/3.10/lib/python3.10/site-packages/nornir/core/inventory.py", line 528, in open_connection
    conn_obj.open(
  File "/Library/Frameworks/Python.framework/Versions/3.10/lib/python3.10/site-packages/nornir_netmiko/connections/netmiko.py", line 59, in open
    connection = ConnectHandler(**parameters)
  File "/Library/Frameworks/Python.framework/Versions/3.10/lib/python3.10/site-packages/netmiko/ssh_dispatcher.py", line 460, in ConnectHandler
    return ConnectionClass(*args, **kwargs)
  File "/Library/Frameworks/Python.framework/Versions/3.10/lib/python3.10/site-packages/netmiko/base_connection.py", line 495, in __init__
    self._open()
  File "/Library/Frameworks/Python.framework/Versions/3.10/lib/python3.10/site-packages/netmiko/base_connection.py", line 500, in _open
    self.establish_connection()
  File "/Library/Frameworks/Python.framework/Versions/3.10/lib/python3.10/site-packages/netmiko/base_connection.py", line 1168, in establish_connection
    raise NetmikoTimeoutException(msg)
netmiko.exceptions.NetmikoTimeoutException: TCP connection to device failed.

Common causes of this problem are:
1. Incorrect hostname or IP address.
2. Wrong TCP port.
3. Intermediate firewall blocking access.

Device settings: arista_eos 172.16.166.132:22



2026-03-06 11:18:19,678 - nornir.core.task -    ERROR -      start() - Host 'vEOS1': task 'netmiko_send_command' failed with traceback:
Traceback (most recent call last):
  File "/Library/Frameworks/Python.framework/Versions/3.10/lib/python3.10/site-packages/netmiko/base_connection.py", line 1146, in establish_connection
    self.remote_conn_pre.connect(**ssh_connect_params)
  File "/Library/Frameworks/Python.framework/Versions/3.10/lib/python3.10/site-packages/paramiko/client.py", line 384, in connect
    sock.connect(addr)
TimeoutError: timed out

During handling of the above exception, another exception occurred:

Traceback (most recent call last):
  File "/Library/Frameworks/Python.framework/Versions/3.10/lib/python3.10/site-packages/nornir/core/task.py", line 98, in start
    r = self.task(self, **self.params)
  File "/Library/Frameworks/Python.framework/Versions/3.10/lib/python3.10/site-packages/nornir_netmiko/tasks/netmiko_send_command.py", line 26, in netmiko_send_command
    net_connect = task.host.get_connection(CONNECTION_NAME, task.nornir.config)
  File "/Library/Frameworks/Python.framework/Versions/3.10/lib/python3.10/site-packages/nornir/core/inventory.py", line 476, in get_connection
    self.open_connection(
  File "/Library/Frameworks/Python.framework/Versions/3.10/lib/python3.10/site-packages/nornir/core/inventory.py", line 528, in open_connection
    conn_obj.open(
  File "/Library/Frameworks/Python.framework/Versions/3.10/lib/python3.10/site-packages/nornir_netmiko/connections/netmiko.py", line 59, in open
    connection = ConnectHandler(**parameters)
  File "/Library/Frameworks/Python.framework/Versions/3.10/lib/python3.10/site-packages/netmiko/ssh_dispatcher.py", line 460, in ConnectHandler
    return ConnectionClass(*args, **kwargs)
  File "/Library/Frameworks/Python.framework/Versions/3.10/lib/python3.10/site-packages/netmiko/base_connection.py", line 495, in __init__
    self._open()
  File "/Library/Frameworks/Python.framework/Versions/3.10/lib/python3.10/site-packages/netmiko/base_connection.py", line 500, in _open
    self.establish_connection()
  File "/Library/Frameworks/Python.framework/Versions/3.10/lib/python3.10/site-packages/netmiko/base_connection.py", line 1168, in establish_connection
    raise NetmikoTimeoutException(msg)
netmiko.exceptions.NetmikoTimeoutException: TCP connection to device failed.

Common causes of this problem are:
1. Incorrect hostname or IP address.
2. Wrong TCP port.
3. Intermediate firewall blocking access.

Device settings: arista_eos 172.16.166.132:22



